\BOOKMARK [0][-]{chapter*.3}{\376\377\122\115\212\000}{}% 1
\BOOKMARK [0][-]{chapter.1}{\376\377\133\211\210\305}{}% 2
\BOOKMARK [1][-]{section.1.1}{\376\377\133\211\210\305\000\040\000M\000i\000n\000i\000c\000o\000n\000d\000a}{chapter.1}% 3
\BOOKMARK [1][-]{section.1.2}{\376\377\133\211\210\305\155\361\136\246\133\146\116\140\150\106\147\266\124\214\000d\0002\000l\217\157\116\366\123\005}{chapter.1}% 4
\BOOKMARK [0][-]{chapter.2}{\376\377\173\046\123\367}{}% 5
\BOOKMARK [1][-]{section.2.1}{\376\377\145\160\133\127}{chapter.2}% 6
\BOOKMARK [1][-]{section.2.2}{\376\377\226\306\124\010\213\272}{chapter.2}% 7
\BOOKMARK [1][-]{section.2.3}{\376\377\121\375\145\160\124\214\217\320\173\227\173\046}{chapter.2}% 8
\BOOKMARK [1][-]{section.2.4}{\376\377\137\256\171\357\122\006}{chapter.2}% 9
\BOOKMARK [1][-]{section.2.5}{\376\377\151\202\163\207\116\016\117\341\140\157\213\272}{chapter.2}% 10
\BOOKMARK [1][-]{section.2.6}{\376\377\131\015\147\102\136\246}{chapter.2}% 11
\BOOKMARK [0][-]{chapter.3}{\376\377\137\025\212\000}{}% 12
\BOOKMARK [1][-]{section.3.1}{\376\377\145\345\136\070\165\037\155\073\116\055\166\204\147\072\126\150\133\146\116\140}{chapter.3}% 13
\BOOKMARK [0][-]{chapter.4}{\376\377\230\204\131\007\167\345\213\306}{}% 14
\BOOKMARK [1][-]{section.4.1}{\376\377\145\160\143\156\144\315\117\134}{chapter.4}% 15
\BOOKMARK [2][-]{subsection.4.1.1}{\376\377\121\145\225\350}{section.4.1}% 16
\BOOKMARK [1][-]{section.4.2}{\376\377\145\160\143\156\230\204\131\004\164\006}{chapter.4}% 17
\BOOKMARK [2][-]{subsection.4.2.1}{\376\377\213\373\123\326\145\160\143\156\226\306}{section.4.2}% 18
\BOOKMARK [0][-]{chapter.5}{\376\377\000C\000+\000+}{}% 19
\BOOKMARK [0][-]{chapter.6}{\376\377\217\157\116\366\135\345\121\167}{}% 20
